# JRE version: Java(TM) SE Runtime Environment (8.0_241-b07) (build 1.8.0_241-b07)
# Java VM: Java HotSpot(TM) 64-Bit Server VM (25.241-b07 mixed mode windows-amd64 compressed oops)
Heap:
 PSYoungGen      total 110080K, used 52523K [0x000000076b600000, 0x0000000774380000, 0x00000007c0000000)
  eden space 105984K, 49% used [0x000000076b600000,0x000000076e94ae10,0x0000000771d80000)
  from space 4096K, 0% used [0x0000000773f80000,0x0000000773f80000,0x0000000774380000)
  to   space 10752K, 0% used [0x0000000772e80000,0x0000000772e80000,0x0000000773900000)
 ParOldGen       total 104960K, used 15585K [0x00000006c2200000, 0x00000006c8880000, 0x000000076b600000)
  object space 104960K, 14% used [0x00000006c2200000,0x00000006c31386a0,0x00000006c8880000)
 Metaspace       used 40410K, capacity 42408K, committed 42840K, reserved 1085440K
  class space    used 5531K, capacity 5907K, committed 6016K, reserved 1048576K
GC Heap History (10 events):
Event: 2.864 GC heap before
{Heap before GC invocations=4 (full 1):
 PSYoungGen      total 75776K, used 6709K [0x000000076b600000, 0x0000000774a00000, 0x00000007c0000000)
  eden space 65024K, 0% used [0x000000076b600000,0x000000076b600000,0x000000076f580000)
  from space 10752K, 62% used [0x000000076f580000,0x000000076fc0d790,0x0000000770000000)
  to   space 10752K, 0% used [0x0000000773f80000,0x0000000773f80000,0x0000000774a00000)
 ParOldGen       total 173568K, used 32K [0x00000006c2200000, 0x00000006ccb80000, 0x000000076b600000)
  object space 173568K, 0% used [0x00000006c2200000,0x00000006c2208000,0x00000006ccb80000)
 Metaspace       used 19933K, capacity 21126K, committed 21248K, reserved 1067008K
  class space    used 2715K, capacity 2978K, committed 3072K, reserved 1048576K
Event: 2.905 GC heap after
Heap after GC invocations=4 (full 1):
 PSYoungGen      total 75776K, used 0K [0x000000076b600000, 0x0000000774a00000, 0x00000007c0000000)
  eden space 65024K, 0% used [0x000000076b600000,0x000000076b600000,0x000000076f580000)
  from space 10752K, 0% used [0x000000076f580000,0x000000076f580000,0x0000000770000000)
  to   space 10752K, 0% used [0x0000000773f80000,0x0000000773f80000,0x0000000774a00000)
 ParOldGen       total 104960K, used 6493K [0x00000006c2200000, 0x00000006c8880000, 0x000000076b600000)
  object space 104960K, 6% used [0x00000006c2200000,0x00000006c2857768,0x00000006c8880000)
 Metaspace       used 19933K, capacity 21126K, committed 21248K, reserved 1067008K
  class space    used 2715K, capacity 2978K, committed 3072K, reserved 1048576K
}
Event: 3.227 GC heap before
{Heap before GC invocations=5 (full 1):
 PSYoungGen      total 75776K, used 65024K [0x000000076b600000, 0x0000000774a00000, 0x00000007c0000000)
  eden space 65024K, 100% used [0x000000076b600000,0x000000076f580000,0x000000076f580000)
  from space 10752K, 0% used [0x000000076f580000,0x000000076f580000,0x0000000770000000)
  to   space 10752K, 0% used [0x0000000773f80000,0x0000000773f80000,0x0000000774a00000)
 ParOldGen       total 104960K, used 6498K [0x00000006c2200000, 0x00000006c8880000, 0x000000076b600000)
  object space 104960K, 6% used [0x00000006c2200000,0x00000006c2858bc0,0x00000006c8880000)
 Metaspace       used 23055K, capacity 24416K, committed 24576K, reserved 1071104K
  class space    used 3040K, capacity 3325K, committed 3328K, reserved 1048576K
Event: 3.248 GC heap after
Heap after GC invocations=5 (full 1):
 PSYoungGen      total 110080K, used 3700K [0x000000076b600000, 0x0000000774380000, 0x00000007c0000000)
  eden space 105984K, 0% used [0x000000076b600000,0x000000076b600000,0x0000000771d80000)
  from space 4096K, 90% used [0x0000000773f80000,0x000000077431d0c0,0x0000000774380000)
  to   space 10752K, 0% used [0x0000000772e80000,0x0000000772e80000,0x0000000773900000)
 ParOldGen       total 104960K, used 6498K [0x00000006c2200000, 0x00000006c8880000, 0x000000076b600000)
  object space 104960K, 6% used [0x00000006c2200000,0x00000006c2858bc0,0x00000006c8880000)
 Metaspace       used 23055K, capacity 24416K, committed 24576K, reserved 1071104K
  class space    used 3040K, capacity 3325K, committed 3328K, reserved 1048576K
}
Event: 5.010 GC heap before
{Heap before GC invocations=6 (full 1):
 PSYoungGen      total 110080K, used 109684K [0x000000076b600000, 0x0000000774380000, 0x00000007c0000000)
  eden space 105984K, 100% used [0x000000076b600000,0x0000000771d80000,0x0000000771d80000)
  from space 4096K, 90% used [0x0000000773f80000,0x000000077431d0c0,0x0000000774380000)
  to   space 10752K, 0% used [0x0000000772e80000,0x0000000772e80000,0x0000000773900000)
 ParOldGen       total 104960K, used 6505K [0x00000006c2200000, 0x00000006c8880000, 0x000000076b600000)
  object space 104960K, 6% used [0x00000006c2200000,0x00000006c285a558,0x00000006c8880000)
 Metaspace       used 28539K, capacity 30196K, committed 30336K, reserved 1075200K
  class space    used 3800K, capacity 4121K, committed 4224K, reserved 1048576K
Event: 5.021 GC heap after
Heap after GC invocations=6 (full 1):
 PSYoungGen      total 116736K, used 10749K [0x000000076b600000, 0x0000000774380000, 0x00000007c0000000)
  eden space 105984K, 0% used [0x000000076b600000,0x000000076b600000,0x0000000771d80000)
  from space 10752K, 99% used [0x0000000772e80000,0x00000007738ff568,0x0000000773900000)
  to   space 4096K, 0% used [0x0000000773f80000,0x0000000773f80000,0x0000000774380000)
 ParOldGen       total 104960K, used 7557K [0x00000006c2200000, 0x00000006c8880000, 0x000000076b600000)
  object space 104960K, 7% used [0x00000006c2200000,0x00000006c2961528,0x00000006c8880000)
 Metaspace       used 28539K, capacity 30196K, committed 30336K, reserved 1075200K
  class space    used 3800K, capacity 4121K, committed 4224K, reserved 1048576K
}
Event: 6.917 GC heap before
{Heap before GC invocations=7 (full 1):
 PSYoungGen      total 116736K, used 96087K [0x000000076b600000, 0x0000000774380000, 0x00000007c0000000)
  eden space 105984K, 80% used [0x000000076b600000,0x00000007709567e8,0x0000000771d80000)
  from space 10752K, 99% used [0x0000000772e80000,0x00000007738ff568,0x0000000773900000)
  to   space 4096K, 0% used [0x0000000773f80000,0x0000000773f80000,0x0000000774380000)
 ParOldGen       total 104960K, used 7557K [0x00000006c2200000, 0x00000006c8880000, 0x000000076b600000)
  object space 104960K, 7% used [0x00000006c2200000,0x00000006c2961528,0x00000006c8880000)
 Metaspace       used 33413K, capacity 35306K, committed 35416K, reserved 1079296K
  class space    used 4370K, capacity 4726K, committed 4736K, reserved 1048576K
Event: 6.933 GC heap after
Heap after GC invocations=7 (full 1):
 PSYoungGen      total 110080K, used 4084K [0x000000076b600000, 0x0000000774380000, 0x00000007c0000000)
  eden space 105984K, 0% used [0x000000076b600000,0x000000076b600000,0x0000000771d80000)
  from space 4096K, 99% used [0x0000000773f80000,0x000000077437d030,0x0000000774380000)
  to   space 10752K, 0% used [0x0000000772e80000,0x0000000772e80000,0x0000000773900000)
 ParOldGen       total 104960K, used 14364K [0x00000006c2200000, 0x00000006c8880000, 0x000000076b600000)
  object space 104960K, 13% used [0x00000006c2200000,0x00000006c30071e8,0x00000006c8880000)
 Metaspace       used 33413K, capacity 35306K, committed 35416K, reserved 1079296K
  class space    used 4370K, capacity 4726K, committed 4736K, reserved 1048576K
}
Event: 6.933 GC heap before
{Heap before GC invocations=8 (full 2):
 PSYoungGen      total 110080K, used 4084K [0x000000076b600000, 0x0000000774380000, 0x00000007c0000000)
  eden space 105984K, 0% used [0x000000076b600000,0x000000076b600000,0x0000000771d80000)
  from space 4096K, 99% used [0x0000000773f80000,0x000000077437d030,0x0000000774380000)
  to   space 10752K, 0% used [0x0000000772e80000,0x0000000772e80000,0x0000000773900000)
 ParOldGen       total 104960K, used 14364K [0x00000006c2200000, 0x00000006c8880000, 0x000000076b600000)
  object space 104960K, 13% used [0x00000006c2200000,0x00000006c30071e8,0x00000006c8880000)
 Metaspace       used 33413K, capacity 35306K, committed 35416K, reserved 1079296K
  class space    used 4370K, capacity 4726K, committed 4736K, reserved 1048576K
Event: 6.999 GC heap after
Heap after GC invocations=8 (full 2):
 PSYoungGen      total 110080K, used 0K [0x000000076b600000, 0x0000000774380000, 0x00000007c0000000)
  eden space 105984K, 0% used [0x000000076b600000,0x000000076b600000,0x0000000771d80000)
  from space 4096K, 0% used [0x0000000773f80000,0x0000000773f80000,0x0000000774380000)
  to   space 10752K, 0% used [0x0000000772e80000,0x0000000772e80000,0x0000000773900000)
 ParOldGen       total 104960K, used 15585K [0x00000006c2200000, 0x00000006c8880000, 0x000000076b600000)
  object space 104960K, 14% used [0x00000006c2200000,0x00000006c31386a0,0x00000006c8880000)
 Metaspace       used 33413K, capacity 35306K, committed 35416K, reserved 1079296K
  class space    used 4370K, capacity 4726K, committed 4736K, reserved 1048576K
}

