# JRE version: Java(TM) SE Runtime Environment (8.0_241-b07) (build 1.8.0_241-b07)
# Java VM: Java HotSpot(TM) 64-Bit Server VM (25.241-b07 mixed mode windows-amd64 compressed oops)
Heap:
 PSYoungGen      total 237056K, used 100088K [0x000000076b600000, 0x000000077ac80000, 0x00000007c0000000)
  eden space 222720K, 44% used [0x000000076b600000,0x00000007717be1b0,0x0000000778f80000)
  from space 14336K, 0% used [0x0000000779080000,0x0000000779080000,0x0000000779e80000)
  to   space 12288K, 0% used [0x000000077a080000,0x000000077a080000,0x000000077ac80000)
 ParOldGen       total 109568K, used 13355K [0x00000006c2200000, 0x00000006c8d00000, 0x000000076b600000)
  object space 109568K, 12% used [0x00000006c2200000,0x00000006c2f0ad10,0x00000006c8d00000)
 Metaspace       used 45195K, capacity 47142K, committed 47440K, reserved 1089536K
  class space    used 6075K, capacity 6420K, committed 6480K, reserved 1048576K
GC Heap History (10 events):
Event: 2.827 GC heap before
{Heap before GC invocations=5 (full 1):
 PSYoungGen      total 140800K, used 5449K [0x000000076b600000, 0x0000000774a00000, 0x00000007c0000000)
  eden space 130048K, 0% used [0x000000076b600000,0x000000076b600000,0x0000000773500000)
  from space 10752K, 50% used [0x0000000773f80000,0x00000007744d26c0,0x0000000774a00000)
  to   space 10752K, 0% used [0x0000000773500000,0x0000000773500000,0x0000000773f80000)
 ParOldGen       total 173568K, used 40K [0x00000006c2200000, 0x00000006ccb80000, 0x000000076b600000)
  object space 173568K, 0% used [0x00000006c2200000,0x00000006c220a000,0x00000006ccb80000)
 Metaspace       used 20919K, capacity 21530K, committed 21628K, reserved 1069056K
  class space    used 2700K, capacity 2872K, committed 2940K, reserved 1048576K
Event: 2.879 GC heap after
Heap after GC invocations=5 (full 1):
 PSYoungGen      total 140800K, used 0K [0x000000076b600000, 0x0000000774a00000, 0x00000007c0000000)
  eden space 130048K, 0% used [0x000000076b600000,0x000000076b600000,0x0000000773500000)
  from space 10752K, 0% used [0x0000000773f80000,0x0000000773f80000,0x0000000774a00000)
  to   space 10752K, 0% used [0x0000000773500000,0x0000000773500000,0x0000000773f80000)
 ParOldGen       total 84480K, used 5313K [0x00000006c2200000, 0x00000006c7480000, 0x000000076b600000)
  object space 84480K, 6% used [0x00000006c2200000,0x00000006c27305b0,0x00000006c7480000)
 Metaspace       used 20918K, capacity 21524K, committed 21628K, reserved 1069056K
  class space    used 2699K, capacity 2871K, committed 2940K, reserved 1048576K
}
Event: 5.089 GC heap before
{Heap before GC invocations=6 (full 1):
 PSYoungGen      total 140800K, used 130048K [0x000000076b600000, 0x0000000774a00000, 0x00000007c0000000)
  eden space 130048K, 100% used [0x000000076b600000,0x0000000773500000,0x0000000773500000)
  from space 10752K, 0% used [0x0000000773f80000,0x0000000773f80000,0x0000000774a00000)
  to   space 10752K, 0% used [0x0000000773500000,0x0000000773500000,0x0000000773f80000)
 ParOldGen       total 84480K, used 5313K [0x00000006c2200000, 0x00000006c7480000, 0x000000076b600000)
  object space 84480K, 6% used [0x00000006c2200000,0x00000006c27305b0,0x00000006c7480000)
 Metaspace       used 27837K, capacity 29074K, committed 29308K, reserved 1075200K
  class space    used 3602K, capacity 3872K, committed 3964K, reserved 1048576K
Event: 5.102 GC heap after
Heap after GC invocations=6 (full 1):
 PSYoungGen      total 140800K, used 10744K [0x000000076b600000, 0x000000077ac80000, 0x00000007c0000000)
  eden space 130048K, 0% used [0x000000076b600000,0x000000076b600000,0x0000000773500000)
  from space 10752K, 99% used [0x0000000773500000,0x0000000773f7e0c8,0x0000000773f80000)
  to   space 12288K, 0% used [0x000000077a080000,0x000000077a080000,0x000000077ac80000)
 ParOldGen       total 84480K, used 6836K [0x00000006c2200000, 0x00000006c7480000, 0x000000076b600000)
  object space 84480K, 8% used [0x00000006c2200000,0x00000006c28ad348,0x00000006c7480000)
 Metaspace       used 27837K, capacity 29074K, committed 29308K, reserved 1075200K
  class space    used 3602K, capacity 3872K, committed 3964K, reserved 1048576K
}
Event: 6.836 GC heap before
{Heap before GC invocations=7 (full 1):
 PSYoungGen      total 140800K, used 140792K [0x000000076b600000, 0x000000077ac80000, 0x00000007c0000000)
  eden space 130048K, 100% used [0x000000076b600000,0x0000000773500000,0x0000000773500000)
  from space 10752K, 99% used [0x0000000773500000,0x0000000773f7e0c8,0x0000000773f80000)
  to   space 12288K, 0% used [0x000000077a080000,0x000000077a080000,0x000000077ac80000)
 ParOldGen       total 84480K, used 6836K [0x00000006c2200000, 0x00000006c7480000, 0x000000076b600000)
  object space 84480K, 8% used [0x00000006c2200000,0x00000006c28ad348,0x00000006c7480000)
 Metaspace       used 33624K, capacity 35462K, committed 35708K, reserved 1081344K
  class space    used 4365K, capacity 4706K, committed 4732K, reserved 1048576K
Event: 6.862 GC heap after
Heap after GC invocations=7 (full 1):
 PSYoungGen      total 235008K, used 12276K [0x000000076b600000, 0x000000077ac80000, 0x00000007c0000000)
  eden space 222720K, 0% used [0x000000076b600000,0x000000076b600000,0x0000000778f80000)
  from space 12288K, 99% used [0x000000077a080000,0x000000077ac7d090,0x000000077ac80000)
  to   space 14336K, 0% used [0x0000000779080000,0x0000000779080000,0x0000000779e80000)
 ParOldGen       total 84480K, used 6884K [0x00000006c2200000, 0x00000006c7480000, 0x000000076b600000)
  object space 84480K, 8% used [0x00000006c2200000,0x00000006c28b91f8,0x00000006c7480000)
 Metaspace       used 33624K, capacity 35462K, committed 35708K, reserved 1081344K
  class space    used 4365K, capacity 4706K, committed 4732K, reserved 1048576K
}
Event: 6.933 GC heap before
{Heap before GC invocations=8 (full 1):
 PSYoungGen      total 235008K, used 24446K [0x000000076b600000, 0x000000077ac80000, 0x00000007c0000000)
  eden space 222720K, 5% used [0x000000076b600000,0x000000076c1e2ac8,0x0000000778f80000)
  from space 12288K, 99% used [0x000000077a080000,0x000000077ac7d090,0x000000077ac80000)
  to   space 14336K, 0% used [0x0000000779080000,0x0000000779080000,0x0000000779e80000)
 ParOldGen       total 84480K, used 6884K [0x00000006c2200000, 0x00000006c7480000, 0x000000076b600000)
  object space 84480K, 8% used [0x00000006c2200000,0x00000006c28b91f8,0x00000006c7480000)
 Metaspace       used 34096K, capacity 35902K, committed 36048K, reserved 1081344K
  class space    used 4414K, capacity 4742K, committed 4816K, reserved 1048576K
Event: 6.950 GC heap after
Heap after GC invocations=8 (full 1):
 PSYoungGen      total 237056K, used 8988K [0x000000076b600000, 0x000000077ac80000, 0x00000007c0000000)
  eden space 222720K, 0% used [0x000000076b600000,0x000000076b600000,0x0000000778f80000)
  from space 14336K, 62% used [0x0000000779080000,0x00000007799472f0,0x0000000779e80000)
  to   space 12288K, 0% used [0x000000077a080000,0x000000077a080000,0x000000077ac80000)
 ParOldGen       total 84480K, used 6892K [0x00000006c2200000, 0x00000006c7480000, 0x000000076b600000)
  object space 84480K, 8% used [0x00000006c2200000,0x00000006c28bb1f8,0x00000006c7480000)
 Metaspace       used 34096K, capacity 35902K, committed 36048K, reserved 1081344K
  class space    used 4414K, capacity 4742K, committed 4816K, reserved 1048576K
}
Event: 6.951 GC heap before
{Heap before GC invocations=9 (full 2):
 PSYoungGen      total 237056K, used 8988K [0x000000076b600000, 0x000000077ac80000, 0x00000007c0000000)
  eden space 222720K, 0% used [0x000000076b600000,0x000000076b600000,0x0000000778f80000)
  from space 14336K, 62% used [0x0000000779080000,0x00000007799472f0,0x0000000779e80000)
  to   space 12288K, 0% used [0x000000077a080000,0x000000077a080000,0x000000077ac80000)
 ParOldGen       total 84480K, used 6892K [0x00000006c2200000, 0x00000006c7480000, 0x000000076b600000)
  object space 84480K, 8% used [0x00000006c2200000,0x00000006c28bb1f8,0x00000006c7480000)
 Metaspace       used 34096K, capacity 35902K, committed 36048K, reserved 1081344K
  class space    used 4414K, capacity 4742K, committed 4816K, reserved 1048576K
Event: 7.048 GC heap after
Heap after GC invocations=9 (full 2):
 PSYoungGen      total 237056K, used 0K [0x000000076b600000, 0x000000077ac80000, 0x00000007c0000000)
  eden space 222720K, 0% used [0x000000076b600000,0x000000076b600000,0x0000000778f80000)
  from space 14336K, 0% used [0x0000000779080000,0x0000000779080000,0x0000000779e80000)
  to   space 12288K, 0% used [0x000000077a080000,0x000000077a080000,0x000000077ac80000)
 ParOldGen       total 109568K, used 13355K [0x00000006c2200000, 0x00000006c8d00000, 0x000000076b600000)
  object space 109568K, 12% used [0x00000006c2200000,0x00000006c2f0ad10,0x00000006c8d00000)
 Metaspace       used 34096K, capacity 35902K, committed 36048K, reserved 1081344K
  class space    used 4414K, capacity 4742K, committed 4816K, reserved 1048576K
}

