# JRE version: Java(TM) SE Runtime Environment (8.0_241-b07) (build 1.8.0_241-b07)
# Java VM: Java HotSpot(TM) 64-Bit Server VM (25.241-b07 mixed mode windows-amd64 compressed oops)
Heap:
 PSYoungGen      total 75776K, used 44157K [0x000000076b600000, 0x0000000772f80000, 0x00000007c0000000)
  eden space 65024K, 63% used [0x000000076b600000,0x000000076de7f510,0x000000076f580000)
  from space 10752K, 25% used [0x0000000770000000,0x00000007702a0180,0x0000000770a80000)
  to   space 10752K, 0% used [0x000000076f580000,0x000000076f580000,0x0000000770000000)
 ParOldGen       total 97280K, used 7462K [0x00000006c2200000, 0x00000006c8100000, 0x000000076b600000)
  object space 97280K, 7% used [0x00000006c2200000,0x00000006c2949960,0x00000006c8100000)
 Metaspace       used 23561K, capacity 24490K, committed 24576K, reserved 1071104K
  class space    used 3035K, capacity 3246K, committed 3328K, reserved 1048576K
GC Heap History (10 events):
Event: 2.326 GC heap before
{Heap before GC invocations=1 (full 0):
 PSYoungGen      total 75776K, used 65024K [0x000000076b600000, 0x0000000770a80000, 0x00000007c0000000)
  eden space 65024K, 100% used [0x000000076b600000,0x000000076f580000,0x000000076f580000)
  from space 10752K, 0% used [0x0000000770000000,0x0000000770000000,0x0000000770a80000)
  to   space 10752K, 0% used [0x000000076f580000,0x000000076f580000,0x0000000770000000)
 ParOldGen       total 173568K, used 0K [0x00000006c2200000, 0x00000006ccb80000, 0x000000076b600000)
  object space 173568K, 0% used [0x00000006c2200000,0x00000006c2200000,0x00000006ccb80000)
 Metaspace       used 12261K, capacity 12666K, committed 12928K, reserved 1060864K
  class space    used 1499K, capacity 1624K, committed 1664K, reserved 1048576K
Event: 2.351 GC heap after
Heap after GC invocations=1 (full 0):
 PSYoungGen      total 75776K, used 6661K [0x000000076b600000, 0x0000000770a80000, 0x00000007c0000000)
  eden space 65024K, 0% used [0x000000076b600000,0x000000076b600000,0x000000076f580000)
  from space 10752K, 61% used [0x000000076f580000,0x000000076fc01728,0x0000000770000000)
  to   space 10752K, 0% used [0x0000000770000000,0x0000000770000000,0x0000000770a80000)
 ParOldGen       total 173568K, used 16K [0x00000006c2200000, 0x00000006ccb80000, 0x000000076b600000)
  object space 173568K, 0% used [0x00000006c2200000,0x00000006c2204000,0x00000006ccb80000)
 Metaspace       used 12261K, capacity 12666K, committed 12928K, reserved 1060864K
  class space    used 1499K, capacity 1624K, committed 1664K, reserved 1048576K
}
Event: 3.771 GC heap before
{Heap before GC invocations=2 (full 0):
 PSYoungGen      total 75776K, used 71685K [0x000000076b600000, 0x0000000770a80000, 0x00000007c0000000)
  eden space 65024K, 100% used [0x000000076b600000,0x000000076f580000,0x000000076f580000)
  from space 10752K, 61% used [0x000000076f580000,0x000000076fc01728,0x0000000770000000)
  to   space 10752K, 0% used [0x0000000770000000,0x0000000770000000,0x0000000770a80000)
 ParOldGen       total 173568K, used 16K [0x00000006c2200000, 0x00000006ccb80000, 0x000000076b600000)
  object space 173568K, 0% used [0x00000006c2200000,0x00000006c2204000,0x00000006ccb80000)
 Metaspace       used 17418K, capacity 17970K, committed 18048K, reserved 1064960K
  class space    used 2256K, capacity 2392K, committed 2432K, reserved 1048576K
Event: 3.788 GC heap after
Heap after GC invocations=2 (full 0):
 PSYoungGen      total 75776K, used 8636K [0x000000076b600000, 0x0000000770a80000, 0x00000007c0000000)
  eden space 65024K, 0% used [0x000000076b600000,0x000000076b600000,0x000000076f580000)
  from space 10752K, 80% used [0x0000000770000000,0x000000077086f130,0x0000000770a80000)
  to   space 10752K, 0% used [0x000000076f580000,0x000000076f580000,0x0000000770000000)
 ParOldGen       total 173568K, used 24K [0x00000006c2200000, 0x00000006ccb80000, 0x000000076b600000)
  object space 173568K, 0% used [0x00000006c2200000,0x00000006c2206000,0x00000006ccb80000)
 Metaspace       used 17418K, capacity 17970K, committed 18048K, reserved 1064960K
  class space    used 2256K, capacity 2392K, committed 2432K, reserved 1048576K
}
Event: 4.308 GC heap before
{Heap before GC invocations=3 (full 0):
 PSYoungGen      total 75776K, used 38320K [0x000000076b600000, 0x0000000770a80000, 0x00000007c0000000)
  eden space 65024K, 45% used [0x000000076b600000,0x000000076d2fd2a8,0x000000076f580000)
  from space 10752K, 80% used [0x0000000770000000,0x000000077086f130,0x0000000770a80000)
  to   space 10752K, 0% used [0x000000076f580000,0x000000076f580000,0x0000000770000000)
 ParOldGen       total 173568K, used 24K [0x00000006c2200000, 0x00000006ccb80000, 0x000000076b600000)
  object space 173568K, 0% used [0x00000006c2200000,0x00000006c2206000,0x00000006ccb80000)
 Metaspace       used 20610K, capacity 21222K, committed 21248K, reserved 1067008K
  class space    used 2655K, capacity 2802K, committed 2816K, reserved 1048576K
Event: 4.361 GC heap after
Heap after GC invocations=3 (full 0):
 PSYoungGen      total 75776K, used 7727K [0x000000076b600000, 0x0000000770a80000, 0x00000007c0000000)
  eden space 65024K, 0% used [0x000000076b600000,0x000000076b600000,0x000000076f580000)
  from space 10752K, 71% used [0x000000076f580000,0x000000076fd0bd00,0x0000000770000000)
  to   space 10752K, 0% used [0x0000000770000000,0x0000000770000000,0x0000000770a80000)
 ParOldGen       total 173568K, used 32K [0x00000006c2200000, 0x00000006ccb80000, 0x000000076b600000)
  object space 173568K, 0% used [0x00000006c2200000,0x00000006c2208000,0x00000006ccb80000)
 Metaspace       used 20610K, capacity 21222K, committed 21248K, reserved 1067008K
  class space    used 2655K, capacity 2802K, committed 2816K, reserved 1048576K
}
Event: 4.361 GC heap before
{Heap before GC invocations=4 (full 1):
 PSYoungGen      total 75776K, used 7727K [0x000000076b600000, 0x0000000770a80000, 0x00000007c0000000)
  eden space 65024K, 0% used [0x000000076b600000,0x000000076b600000,0x000000076f580000)
  from space 10752K, 71% used [0x000000076f580000,0x000000076fd0bd00,0x0000000770000000)
  to   space 10752K, 0% used [0x0000000770000000,0x0000000770000000,0x0000000770a80000)
 ParOldGen       total 173568K, used 32K [0x00000006c2200000, 0x00000006ccb80000, 0x000000076b600000)
  object space 173568K, 0% used [0x00000006c2200000,0x00000006c2208000,0x00000006ccb80000)
 Metaspace       used 20610K, capacity 21222K, committed 21248K, reserved 1067008K
  class space    used 2655K, capacity 2802K, committed 2816K, reserved 1048576K
Event: 4.462 GC heap after
Heap after GC invocations=4 (full 1):
 PSYoungGen      total 75776K, used 0K [0x000000076b600000, 0x0000000770a80000, 0x00000007c0000000)
  eden space 65024K, 0% used [0x000000076b600000,0x000000076b600000,0x000000076f580000)
  from space 10752K, 0% used [0x000000076f580000,0x000000076f580000,0x0000000770000000)
  to   space 10752K, 0% used [0x0000000770000000,0x0000000770000000,0x0000000770a80000)
 ParOldGen       total 97280K, used 7462K [0x00000006c2200000, 0x00000006c8100000, 0x000000076b600000)
  object space 97280K, 7% used [0x00000006c2200000,0x00000006c2949960,0x00000006c8100000)
 Metaspace       used 20608K, capacity 21216K, committed 21248K, reserved 1067008K
  class space    used 2654K, capacity 2801K, committed 2816K, reserved 1048576K
}
Event: 4.938 GC heap before
{Heap before GC invocations=5 (full 1):
 PSYoungGen      total 75776K, used 65024K [0x000000076b600000, 0x0000000770a80000, 0x00000007c0000000)
  eden space 65024K, 100% used [0x000000076b600000,0x000000076f580000,0x000000076f580000)
  from space 10752K, 0% used [0x000000076f580000,0x000000076f580000,0x0000000770000000)
  to   space 10752K, 0% used [0x0000000770000000,0x0000000770000000,0x0000000770a80000)
 ParOldGen       total 97280K, used 7462K [0x00000006c2200000, 0x00000006c8100000, 0x000000076b600000)
  object space 97280K, 7% used [0x00000006c2200000,0x00000006c2949960,0x00000006c8100000)
 Metaspace       used 22231K, capacity 22966K, committed 23040K, reserved 1069056K
  class space    used 2861K, capacity 3064K, committed 3072K, reserved 1048576K
Event: 4.947 GC heap after
Heap after GC invocations=5 (full 1):
 PSYoungGen      total 75776K, used 2688K [0x000000076b600000, 0x0000000772f80000, 0x00000007c0000000)
  eden space 65024K, 0% used [0x000000076b600000,0x000000076b600000,0x000000076f580000)
  from space 10752K, 25% used [0x0000000770000000,0x00000007702a0180,0x0000000770a80000)
  to   space 10752K, 0% used [0x000000076f580000,0x000000076f580000,0x0000000770000000)
 ParOldGen       total 97280K, used 7462K [0x00000006c2200000, 0x00000006c8100000, 0x000000076b600000)
  object space 97280K, 7% used [0x00000006c2200000,0x00000006c2949960,0x00000006c8100000)
 Metaspace       used 22231K, capacity 22966K, committed 23040K, reserved 1069056K
  class space    used 2861K, capacity 3064K, committed 3072K, reserved 1048576K
}

